<?xml version="1.0" encoding="UTF-8"?>
<!-- Generated by org.testng.reporters.JUnitReportReporter -->
<testsuite hostname="SPL1281" failures="0" tests="1" name="com.inetBanking.TestCases.TC_LoginTest_001" time="1.284" errors="0" timestamp="2021-10-11T16:01:41 IST" skipped="0">
  <testcase classname="com.inetBanking.TestCases.TC_LoginTest_001" name="loginTest" time="1.284"/>
  <system-out/>
</testsuite> <!-- com.inetBanking.TestCases.TC_LoginTest_001 -->
