<?xml version="1.0" encoding="UTF-8"?>
<!-- Generated by org.testng.reporters.JUnitReportReporter -->
<testsuite hostname="SPL1281" failures="0" tests="1" name="com.inetBanking.TestCases.TC_LoginDDT_002" time="0.000" errors="0" timestamp="2021-10-11T12:09:04 IST" skipped="1">
  <testcase classname="com.inetBanking.TestCases.TC_LoginDDT_002" name="loginDDT" time="0.000">
    <skipped/>
  </testcase> <!-- loginDDT -->
  <system-out/>
</testsuite> <!-- com.inetBanking.TestCases.TC_LoginDDT_002 -->
